<?xml version="1.0" encoding="UTF-8"?>
<!-- Generated by org.testng.reporters.JUnitReportReporter -->
<testsuite hostname="LTIN588184" failures="0" tests="5" name="com.irctc_testng.HotelBookingTestNG" time="9.745" errors="0" timestamp="2025-06-13T21:04:52 IST" skipped="0">
  <testcase classname="com.irctc_testng.HotelBookingTestNG" name="selectCity" time="0.539"/>
  <testcase classname="com.irctc_testng.HotelBookingTestNG" name="selectDates" time="0.536"/>
  <testcase classname="com.irctc_testng.HotelBookingTestNG" name="selectGuestsAndAge" time="1.074"/>
  <testcase classname="com.irctc_testng.HotelBookingTestNG" name="applyFilters" time="7.583"/>
  <testcase classname="com.irctc_testng.HotelBookingTestNG" name="searchHotels" time="0.013"/>
</testsuite> <!-- com.irctc_testng.HotelBookingTestNG -->
