<?xml version="1.0" encoding="UTF-8"?>
<!-- Generated by org.testng.reporters.JUnitReportReporter -->
<testsuite hostname="LTIN588184" failures="0" tests="1" name="com.irctc_test.HotelBookingTest" time="43.935" errors="0" timestamp="2025-06-20T17:23:12 IST" skipped="0">
  <testcase classname="com.irctc_test.HotelBookingTest" name="testFilter" time="43.935"/>
</testsuite> <!-- com.irctc_test.HotelBookingTest -->
